Nov 10, 2018 7:38:31 PM com.github.shyiko.mysql.binlog.BinaryLogClient connect
INFO: Connected to api.quartz.ren:3306 at mysql-bin.000001/154 (sid:65535, cid:3)
19:38:32.033 [main] INFO io.qsf.bl.TestListener - Event{header=EventHeaderV4{timestamp=0, eventType=ROTATE, serverId=5412, headerLength=19, dataLength=28, nextPosition=0, flags=32}, data=RotateEventData{binlogFilename='mysql-bin.000001', binlogPosition=154}}
19:38:32.037 [main] INFO io.qsf.bl.TestListener - Event{header=EventHeaderV4{timestamp=1541849905000, eventType=FORMAT_DESCRIPTION, serverId=5412, headerLength=19, dataLength=100, nextPosition=0, flags=0}, data=FormatDescriptionEventData{binlogVersion=4, serverVersion='5.7.24-0ubuntu0.16.04.1-log', headerLength=19}}
19:46:59.805 [main] INFO io.qsf.bl.TestListener - Event{header=EventHeaderV4{timestamp=1541850419000, eventType=ANONYMOUS_GTID, serverId=5412, headerLength=19, dataLength=46, nextPosition=219, flags=0}, data=null}
19:46:59.811 [main] INFO io.qsf.bl.TestListener - Event{header=EventHeaderV4{timestamp=1541850419000, eventType=QUERY, serverId=5412, headerLength=19, dataLength=110, nextPosition=348, flags=0}, data=QueryEventData{threadId=6, executionTime=0, errorCode=0, database='qsf', sql='DROP TABLE IF EXISTS `sys_menu` /* generated by server */'}}
19:46:59.858 [main] INFO io.qsf.bl.TestListener - Event{header=EventHeaderV4{timestamp=1541850419000, eventType=ANONYMOUS_GTID, serverId=5412, headerLength=19, dataLength=46, nextPosition=413, flags=0}, data=null}
19:46:59.858 [main] INFO io.qsf.bl.TestListener - Event{header=EventHeaderV4{timestamp=1541850419000, eventType=QUERY, serverId=5412, headerLength=19, dataLength=648, nextPosition=1080, flags=0}, data=QueryEventData{threadId=6, executionTime=0, errorCode=0, database='qsf', sql='/* ApplicationName=IntelliJ IDEA 2018.1.4 */ CREATE TABLE `sys_menu` (
  `id` int(11) NOT NULL AUTO_INCREMENT,
  `parentId` int(11) NOT NULL,
  `name` varchar(64) NOT NULL,
  `url` varchar(1024) DEFAULT NULL,
  `path` varchar(1024) DEFAULT NULL,
  `css` varchar(32) DEFAULT NULL,
  `sort` int(11) NOT NULL,
  `createTime` datetime NOT NULL,
  `updateTime` datetime NOT NULL,
  `isMenu` int(11) DEFAULT NULL COMMENT '是否菜单 1 是 2 不是',
  `hidden` int(11) DEFAULT NULL COMMENT '是否隐藏,0 false 1 true',
  PRIMARY KEY (`id`)
) ENGINE=InnoDB AUTO_INCREMENT=54 DEFAULT CHARSET=utf8mb4'}}
19:46:59.899 [main] INFO io.qsf.bl.TestListener - Event{header=EventHeaderV4{timestamp=1541850419000, eventType=ANONYMOUS_GTID, serverId=5412, headerLength=19, dataLength=46, nextPosition=1145, flags=0}, data=null}
19:46:59.899 [main] INFO io.qsf.bl.TestListener - Event{header=EventHeaderV4{timestamp=1541850419000, eventType=QUERY, serverId=5412, headerLength=19, dataLength=52, nextPosition=1216, flags=8}, data=QueryEventData{threadId=6, executionTime=0, errorCode=0, database='qsf', sql='BEGIN'}}
19:46:59.902 [main] INFO io.qsf.bl.TestListener - Event{header=EventHeaderV4{timestamp=1541850419000, eventType=TABLE_MAP, serverId=5412, headerLength=19, dataLength=52, nextPosition=1287, flags=0}, data=TableMapEventData{tableId=109, database='qsf', table='sys_menu', columnTypes=3, 3, 15, 15, 15, 15, 3, 18, 18, 3, 3, columnMetadata=0, 0, 256, 4096, 4096, 128, 0, 0, 0, 0, 0, columnNullability={3, 4, 5, 9, 10}}}
19:46:59.918 [main] INFO io.qsf.bl.TestListener - Event{header=EventHeaderV4{timestamp=1541850419000, eventType=EXT_WRITE_ROWS, serverId=5412, headerLength=19, dataLength=2204, nextPosition=3510, flags=0}, data=WriteRowsEventData{tableId=109, includedColumns={0, 1, 2, 3, 4, 5, 6, 7, 8, 9, 10}, rows=[
    [2, 12, 用户管理, #!user, system/user.html, layui-icon-friends, 2, Sat Nov 18 00:56:59 CST 2017, Fri Sep 14 17:06:25 CST 2018, 1, 0],
    [3, 12, 角色管理, #!role, system/role.html, layui-icon-friends, 3, Sat Nov 18 00:56:59 CST 2017, Sun Sep 02 14:12:04 CST 2018, 1, 0],
    [4, 12, 菜单管理, #!menus, system/menus.html, layui-icon-menu-fill, 4, Sat Nov 18 00:56:59 CST 2017, Mon Sep 03 10:23:47 CST 2018, 1, 0],
    [5, 12, 权限管理, #!permissions, system/permissions.html, layui-icon-password, 5, Sat Nov 18 00:56:59 CST 2017, Sun Sep 02 14:12:16 CST 2018, 1, 0],
    [7, 37, 注册中心, #!register, http://47.99.88.28:1111, layui-icon-engine, 7, Sat Nov 18 00:56:59 CST 2017, Thu Aug 30 14:21:51 CST 2018, 1, 0],
    [8, 37, 监控中心, #!monitor, http://59.110.164.254:9999/#/wallboard, layui-icon-util, 8, Sat Nov 18 00:56:59 CST 2017, Sat Aug 25 18:43:24 CST 2018, 1, 0],
    [9, 37, 文件中心, #!files, files/files.html, layui-icon-file, 10, Sat Nov 18 00:56:59 CST 2017, Sat Aug 25 18:43:33 CST 2018, 1, 0],
    [10, 37, 文档中心, #!swagger, http://47.99.88.28:9200/swagger-ui.html, layui-icon-app, 9, Sat Nov 18 00:56:59 CST 2017, Thu Aug 30 14:22:02 CST 2018, 1, 0],
    [11, 12, 我的信息, #!myInfo, system/myInfo.html, , 10, Sat Nov 18 00:56:59 CST 2017, Sun Sep 02 14:12:24 CST 2018, 1, 1],
    [12, -1, 认证中心, javascript:;, , layui-icon-set, 1, Sat Nov 18 00:56:59 CST 2017, Sun Sep 02 10:44:30 CST 2018, 1, 0],
    [35, 12, 应用管理, #!app, attestation/app.html, layui-icon-app, 9, Sat Nov 18 00:56:59 CST 2017, Sat Aug 25 18:57:42 CST 2018, 1, 0],
    [36, 12, 服务管理, #!services, attestation/services.html, layui-icon-website, 8, Sat Nov 18 00:56:59 CST 2017, Sun Sep 02 17:34:13 CST 2018, 1, 0],
    [37, -1, 系统监控, javascript:;, , layui-icon-set, 3, Sat Aug 25 18:41:58 CST 2018, Sat Aug 25 18:41:58 CST 2018, 1, 0],
    [38, 37, Zipkin监控, #!zipkin, http://59.110.164.254:11008/zipkin/, layui-icon-util, 10, Mon Aug 27 01:10:38 CST 2018, Mon Sep 03 17:54:11 CST 2018, 1, 0],
    [40, -1, 任务中心, javascript:;, , layui-icon-set, 4, Wed Aug 29 00:59:44 CST 2018, Wed Aug 29 01:00:19 CST 2018, 1, 0],
    [41, 40, 任务管理, #!jobinfo, http://59.110.164.254:8088/jobinfo, layui-icon-senior, 1, Wed Aug 29 01:02:00 CST 2018, Wed Aug 29 02:24:23 CST 2018, 1, 0],
    [42, 40, 调度日志, #!joblog, http://59.110.164.254:8088/joblog, layui-icon-senior, 2, Wed Aug 29 02:20:53 CST 2018, Wed Aug 29 02:24:32 CST 2018, 1, 0],
    [43, 40, 执行器管理, #!jobgroup, http://59.110.164.254:8088/jobgroup, layui-icon-senior, 3, Wed Aug 29 02:22:04 CST 2018, Mon Sep 03 16:05:02 CST 2018, 1, 0],
    [44, 37, 服务治理, #!eureka, eureka/list.html, layui-icon-engine, 6, Thu Aug 30 23:30:19 CST 2018, Thu Aug 30 23:30:36 CST 2018, 1, 0],
    [48, 47, ccc, ccc, ccc, ccc, 1, Wed Sep 05 10:17:22 CST 2018, Wed Sep 05 10:17:22 CST 2018, 1, 0],
    [49, 48, ddd, ddd, ddd, , 55, Wed Sep 05 11:27:18 CST 2018, Wed Sep 05 11:27:18 CST 2018, 1, 0],
    [50, 12, 代码生成器, #!generator, generator/list.html, layui-icon-app, 9, Wed Sep 05 21:43:06 CST 2018, Wed Sep 05 21:43:40 CST 2018, 1, 0],
    [52, 12, token管理, #!token, attestation/token.html, layui-icon-util, 11, Sat Sep 08 21:19:56 CST 2018, Sat Sep 08 21:19:56 CST 2018, 1, 0],
    [53, -1, 百度, www.baidu.com, , , 1, Wed Sep 12 10:49:46 CST 2018, Wed Sep 12 10:49:46 CST 2018, 1, 0]
]}}
19:46:59.918 [main] INFO io.qsf.bl.TestListener - Event{header=EventHeaderV4{timestamp=1541850419000, eventType=XID, serverId=5412, headerLength=19, dataLength=12, nextPosition=3541, flags=0}, data=XidEventData{xid=84}}
19:46:59.967 [main] INFO io.qsf.bl.TestListener - Event{header=EventHeaderV4{timestamp=1541850420000, eventType=ANONYMOUS_GTID, serverId=5412, headerLength=19, dataLength=46, nextPosition=3606, flags=0}, data=null}
19:46:59.968 [main] INFO io.qsf.bl.TestListener - Event{header=EventHeaderV4{timestamp=1541850420000, eventType=QUERY, serverId=5412, headerLength=19, dataLength=116, nextPosition=3741, flags=0}, data=QueryEventData{threadId=6, executionTime=0, errorCode=0, database='qsf', sql='DROP TABLE IF EXISTS `sys_permission` /* generated by server */'}}
19:47:00.008 [main] INFO io.qsf.bl.TestListener - Event{header=EventHeaderV4{timestamp=1541850420000, eventType=ANONYMOUS_GTID, serverId=5412, headerLength=19, dataLength=46, nextPosition=3806, flags=0}, data=null}
19:47:00.008 [main] INFO io.qsf.bl.TestListener - Event{header=EventHeaderV4{timestamp=1541850420000, eventType=QUERY, serverId=5412, headerLength=19, dataLength=438, nextPosition=4263, flags=0}, data=QueryEventData{threadId=6, executionTime=0, errorCode=0, database='qsf', sql='/* ApplicationName=IntelliJ IDEA 2018.1.4 */ CREATE TABLE `sys_permission` (
  `id` int(11) NOT NULL AUTO_INCREMENT,
  `permission` varchar(50) NOT NULL,
  `name` varchar(50) NOT NULL,
  `createTime` datetime NOT NULL,
  `updateTime` datetime NOT NULL,
  PRIMARY KEY (`id`),
  UNIQUE KEY `permission` (`permission`) USING BTREE
) ENGINE=InnoDB AUTO_INCREMENT=36 DEFAULT CHARSET=utf8mb4'}}
19:47:00.045 [main] INFO io.qsf.bl.TestListener - Event{header=EventHeaderV4{timestamp=1541850420000, eventType=ANONYMOUS_GTID, serverId=5412, headerLength=19, dataLength=46, nextPosition=4328, flags=0}, data=null}
19:47:00.045 [main] INFO io.qsf.bl.TestListener - Event{header=EventHeaderV4{timestamp=1541850420000, eventType=QUERY, serverId=5412, headerLength=19, dataLength=52, nextPosition=4399, flags=8}, data=QueryEventData{threadId=6, executionTime=0, errorCode=0, database='qsf', sql='BEGIN'}}
19:47:00.045 [main] INFO io.qsf.bl.TestListener - Event{header=EventHeaderV4{timestamp=1541850420000, eventType=TABLE_MAP, serverId=5412, headerLength=19, dataLength=47, nextPosition=4465, flags=0}, data=TableMapEventData{tableId=110, database='qsf', table='sys_permission', columnTypes=3, 15, 15, 18, 18, columnMetadata=0, 200, 200, 0, 0, columnNullability={}}}
19:47:00.050 [main] INFO io.qsf.bl.TestListener - Event{header=EventHeaderV4{timestamp=1541850420000, eventType=EXT_WRITE_ROWS, serverId=5412, headerLength=19, dataLength=1892, nextPosition=6376, flags=0}, data=WriteRowsEventData{tableId=110, includedColumns={0, 1, 2, 3, 4}, rows=[
    [1, permission:post/permissions, 保存权限标识, Fri Jan 19 01:06:39 CST 2018, Fri Jan 19 01:06:42 CST 2018],
    [2, permission:put/permissions, 修改权限标识, Fri Jan 19 01:06:39 CST 2018, Fri Jan 19 01:06:42 CST 2018],
    [3, permission:delete/permissions/{id}, 删除权限标识, Fri Jan 19 01:06:39 CST 2018, Fri Jan 19 01:06:42 CST 2018],
    [4, permission:get/permissions, 查询权限标识, Fri Jan 19 01:06:39 CST 2018, Fri Jan 19 01:06:42 CST 2018],
    [5, role:post/roles, 添加角色, Fri Jan 19 01:06:39 CST 2018, Fri Jan 19 01:06:42 CST 2018],
    [6, role:put/roles, 修改角色, Fri Jan 19 01:06:39 CST 2018, Fri Jan 19 01:06:42 CST 2018],
    [7, role:delete/roles/{id}, 删除角色, Fri Jan 19 01:06:39 CST 2018, Fri Jan 19 01:06:42 CST 2018],
    [8, role:post/roles/{id}/permissions, 给角色分配权限, Fri Jan 19 01:06:39 CST 2018, Fri Jan 19 01:06:42 CST 2018],
    [9, role:get/roles, 查询角色, Fri Jan 19 01:06:39 CST 2018, Fri Jan 19 01:06:42 CST 2018],
    [10, role:get/roles/{id}/permissions, 获取角色的权限, Fri Jan 19 01:06:39 CST 2018, Fri Jan 19 01:06:42 CST 2018],
    [11, user:post/users/{id}/roles, 给用户分配角色, Fri Jan 19 01:06:39 CST 2018, Fri Jan 19 01:06:42 CST 2018],
    [12, user:post/users/{id}/resetPassword, 用户重置密码, Fri Jan 19 01:06:39 CST 2018, Fri Jan 19 01:06:42 CST 2018],
    [13, user:get/users, 用户查询, Fri Jan 19 01:12:00 CST 2018, Fri Jan 19 01:12:05 CST 2018],
    [14, user:put/users/me, 修改用户, Fri Jan 19 01:06:39 CST 2018, Fri Jan 19 01:06:42 CST 2018],
    [15, user:get/users/{id}/roles, 获取用户的角色, Fri Jan 19 01:06:39 CST 2018, Fri Jan 19 01:06:42 CST 2018],
    [16, user:post/users/saveOrUpdate, 新增用户, Fri Jan 19 01:06:39 CST 2018, Fri Jan 19 01:06:42 CST 2018],
    [17, user:post/users/exportUser, 导出用户, Fri Jan 19 01:06:39 CST 2018, Fri Jan 19 01:06:42 CST 2018],
    [18, user:get/users/updateEnabled, 用户状态修改, Fri Jan 19 01:06:39 CST 2018, Fri Jan 19 01:06:42 CST 2018],
    [19, user:put/users/password, 修改密码, Fri Jan 19 01:06:39 CST 2018, Fri Jan 19 01:06:39 CST 2018],
    [20, menu:get/menus/all, 查询菜单, Fri Jan 19 01:06:39 CST 2018, Fri Jan 19 01:06:42 CST 2018],
    [21, menu:post/menus/granted, 给角色分配菜单, Fri Jan 19 01:06:39 CST 2018, Fri Jan 19 01:06:42 CST 2018],
    [22, menu:get/menus/tree, 树形显示, Fri Jan 19 01:06:39 CST 2018, Fri Jan 19 01:06:39 CST 2018],
    [23, menu:get/menus/{roleId}/menus, 获取角色的菜单, Fri Jan 19 01:06:39 CST 2018, Fri Jan 19 01:06:42 CST 2018],
    [24, menu:post/menus, 添加菜单, Fri Jan 19 01:06:39 CST 2018, Tue Sep 04 15:35:29 CST 2018],
    [25, menu:put/menus, 修改菜单, Fri Jan 19 01:06:39 CST 2018, Fri Jan 19 01:06:42 CST 2018],
    [26, menu:delete/menus/{id}, 删除菜单, Fri Jan 19 01:06:39 CST 2018, Fri Jan 19 01:06:42 CST 2018],
    [27, menu:get/menus/current, 当前用户菜单, Fri Jan 19 01:06:39 CST 2018, Fri Jan 19 01:06:42 CST 2018],
    [29, menu:get/menus/findAlls, 所有菜单, Fri Jan 19 01:06:39 CST 2018, Fri Jan 19 01:06:39 CST 2018],
    [30, client:post/clients, 保存应用, Fri Jan 19 01:06:39 CST 2018, Fri Jan 19 01:06:39 CST 2018],
    [31, client:get/clients, 应用列表, Fri Jan 19 01:06:39 CST 2018, Fri Jan 19 01:06:39 CST 2018],
    [32, client:get/clients/{id}, 根据id获取应用, Fri Jan 19 01:06:39 CST 2018, Fri Jan 19 01:06:39 CST 2018],
    [33, clientdelete/clients, 删除应用, Fri Jan 19 01:06:39 CST 2018, Fri Jan 19 01:06:42 CST 2018],
    [34, service:get/service/findAlls, 查询所有服务, Fri Jan 19 01:06:39 CST 2018, Mon Sep 03 16:05:09 CST 2018],
    [35, service:get/service/findOnes, 服务树, Fri Jan 19 01:06:39 CST 2018, Sat Sep 08 11:23:28 CST 2018]
]}}
19:47:00.050 [main] INFO io.qsf.bl.TestListener - Event{header=EventHeaderV4{timestamp=1541850420000, eventType=XID, serverId=5412, headerLength=19, dataLength=12, nextPosition=6407, flags=0}, data=XidEventData{xid=90}}
19:47:00.090 [main] INFO io.qsf.bl.TestListener - Event{header=EventHeaderV4{timestamp=1541850420000, eventType=ANONYMOUS_GTID, serverId=5412, headerLength=19, dataLength=46, nextPosition=6472, flags=0}, data=null}
19:47:00.090 [main] INFO io.qsf.bl.TestListener - Event{header=EventHeaderV4{timestamp=1541850420000, eventType=QUERY, serverId=5412, headerLength=19, dataLength=110, nextPosition=6601, flags=0}, data=QueryEventData{threadId=6, executionTime=0, errorCode=0, database='qsf', sql='DROP TABLE IF EXISTS `sys_role` /* generated by server */'}}
19:47:00.123 [main] INFO io.qsf.bl.TestListener - Event{header=EventHeaderV4{timestamp=1541850420000, eventType=ANONYMOUS_GTID, serverId=5412, headerLength=19, dataLength=46, nextPosition=6666, flags=0}, data=null}
19:47:00.125 [main] INFO io.qsf.bl.TestListener - Event{header=EventHeaderV4{timestamp=1541850420000, eventType=QUERY, serverId=5412, headerLength=19, dataLength=454, nextPosition=7139, flags=0}, data=QueryEventData{threadId=6, executionTime=0, errorCode=0, database='qsf', sql='/* ApplicationName=IntelliJ IDEA 2018.1.4 */ CREATE TABLE `sys_role` (
  `id` int(11) NOT NULL AUTO_INCREMENT,
  `code` varchar(32) NOT NULL COMMENT '角色code',
  `name` varchar(50) NOT NULL COMMENT '角色名',
  `createTime` datetime NOT NULL,
  `updateTime` datetime NOT NULL,
  PRIMARY KEY (`id`),
  UNIQUE KEY `code` (`code`) USING BTREE
) ENGINE=InnoDB AUTO_INCREMENT=3 DEFAULT CHARSET=utf8mb4'}}
19:47:00.153 [main] INFO io.qsf.bl.TestListener - Event{header=EventHeaderV4{timestamp=1541850420000, eventType=ANONYMOUS_GTID, serverId=5412, headerLength=19, dataLength=46, nextPosition=7204, flags=0}, data=null}
19:47:00.153 [main] INFO io.qsf.bl.TestListener - Event{header=EventHeaderV4{timestamp=1541850420000, eventType=QUERY, serverId=5412, headerLength=19, dataLength=52, nextPosition=7275, flags=8}, data=QueryEventData{threadId=6, executionTime=0, errorCode=0, database='qsf', sql='BEGIN'}}
19:47:00.153 [main] INFO io.qsf.bl.TestListener - Event{header=EventHeaderV4{timestamp=1541850420000, eventType=TABLE_MAP, serverId=5412, headerLength=19, dataLength=41, nextPosition=7335, flags=0}, data=TableMapEventData{tableId=111, database='qsf', table='sys_role', columnTypes=3, 15, 15, 18, 18, columnMetadata=0, 128, 200, 0, 0, columnNullability={}}}
19:47:00.153 [main] INFO io.qsf.bl.TestListener - Event{header=EventHeaderV4{timestamp=1541850420000, eventType=EXT_WRITE_ROWS, serverId=5412, headerLength=19, dataLength=47, nextPosition=7401, flags=0}, data=WriteRowsEventData{tableId=111, includedColumns={0, 1, 2, 3, 4}, rows=[
    [1, ADMIN, 管理员, Sat Nov 18 00:56:59 CST 2017, Sat Nov 18 00:56:59 CST 2017]
]}}
19:47:00.153 [main] INFO io.qsf.bl.TestListener - Event{header=EventHeaderV4{timestamp=1541850420000, eventType=XID, serverId=5412, headerLength=19, dataLength=12, nextPosition=7432, flags=0}, data=XidEventData{xid=96}}
19:47:00.180 [main] INFO io.qsf.bl.TestListener - Event{header=EventHeaderV4{timestamp=1541850420000, eventType=ANONYMOUS_GTID, serverId=5412, headerLength=19, dataLength=46, nextPosition=7497, flags=0}, data=null}
19:47:00.180 [main] INFO io.qsf.bl.TestListener - Event{header=EventHeaderV4{timestamp=1541850420000, eventType=QUERY, serverId=5412, headerLength=19, dataLength=115, nextPosition=7631, flags=0}, data=QueryEventData{threadId=6, executionTime=0, errorCode=0, database='qsf', sql='DROP TABLE IF EXISTS `sys_role_menu` /* generated by server */'}}
19:47:00.217 [main] INFO io.qsf.bl.TestListener - Event{header=EventHeaderV4{timestamp=1541850420000, eventType=ANONYMOUS_GTID, serverId=5412, headerLength=19, dataLength=46, nextPosition=7696, flags=0}, data=null}
19:47:00.218 [main] INFO io.qsf.bl.TestListener - Event{header=EventHeaderV4{timestamp=1541850420000, eventType=QUERY, serverId=5412, headerLength=19, dataLength=260, nextPosition=7975, flags=0}, data=QueryEventData{threadId=6, executionTime=0, errorCode=0, database='qsf', sql='/* ApplicationName=IntelliJ IDEA 2018.1.4 */ CREATE TABLE `sys_role_menu` (
  `roleId` int(11) NOT NULL,
  `menuId` int(11) NOT NULL,
  PRIMARY KEY (`roleId`,`menuId`)
) ENGINE=InnoDB DEFAULT CHARSET=utf8mb4'}}
19:47:00.244 [main] INFO io.qsf.bl.TestListener - Event{header=EventHeaderV4{timestamp=1541850420000, eventType=ANONYMOUS_GTID, serverId=5412, headerLength=19, dataLength=46, nextPosition=8040, flags=0}, data=null}
19:47:00.245 [main] INFO io.qsf.bl.TestListener - Event{header=EventHeaderV4{timestamp=1541850420000, eventType=QUERY, serverId=5412, headerLength=19, dataLength=52, nextPosition=8111, flags=8}, data=QueryEventData{threadId=6, executionTime=0, errorCode=0, database='qsf', sql='BEGIN'}}
19:47:00.245 [main] INFO io.qsf.bl.TestListener - Event{header=EventHeaderV4{timestamp=1541850420000, eventType=TABLE_MAP, serverId=5412, headerLength=19, dataLength=37, nextPosition=8167, flags=0}, data=TableMapEventData{tableId=112, database='qsf', table='sys_role_menu', columnTypes=3, 3, columnMetadata=0, 0, columnNullability={}}}
19:47:00.245 [main] INFO io.qsf.bl.TestListener - Event{header=EventHeaderV4{timestamp=1541850420000, eventType=EXT_WRITE_ROWS, serverId=5412, headerLength=19, dataLength=205, nextPosition=8391, flags=0}, data=WriteRowsEventData{tableId=112, includedColumns={0, 1}, rows=[
    [1, 2],
    [1, 3],
    [1, 4],
    [1, 5],
    [1, 7],
    [1, 8],
    [1, 9],
    [1, 10],
    [1, 11],
    [1, 12],
    [1, 35],
    [1, 36],
    [1, 37],
    [1, 38],
    [1, 40],
    [1, 41],
    [1, 42],
    [1, 43],
    [1, 44],
    [1, 50],
    [1, 52]
]}}
19:47:00.245 [main] INFO io.qsf.bl.TestListener - Event{header=EventHeaderV4{timestamp=1541850420000, eventType=XID, serverId=5412, headerLength=19, dataLength=12, nextPosition=8422, flags=0}, data=XidEventData{xid=102}}
19:47:00.268 [main] INFO io.qsf.bl.TestListener - Event{header=EventHeaderV4{timestamp=1541850420000, eventType=ANONYMOUS_GTID, serverId=5412, headerLength=19, dataLength=46, nextPosition=8487, flags=0}, data=null}
19:47:00.268 [main] INFO io.qsf.bl.TestListener - Event{header=EventHeaderV4{timestamp=1541850420000, eventType=QUERY, serverId=5412, headerLength=19, dataLength=121, nextPosition=8627, flags=0}, data=QueryEventData{threadId=6, executionTime=0, errorCode=0, database='qsf', sql='DROP TABLE IF EXISTS `sys_role_permission` /* generated by server */'}}
19:47:00.313 [main] INFO io.qsf.bl.TestListener - Event{header=EventHeaderV4{timestamp=1541850420000, eventType=ANONYMOUS_GTID, serverId=5412, headerLength=19, dataLength=46, nextPosition=8692, flags=0}, data=null}
19:47:00.313 [main] INFO io.qsf.bl.TestListener - Event{header=EventHeaderV4{timestamp=1541850420000, eventType=QUERY, serverId=5412, headerLength=19, dataLength=278, nextPosition=8989, flags=0}, data=QueryEventData{threadId=6, executionTime=0, errorCode=0, database='qsf', sql='/* ApplicationName=IntelliJ IDEA 2018.1.4 */ CREATE TABLE `sys_role_permission` (
  `roleId` int(11) NOT NULL,
  `permissionId` int(11) NOT NULL,
  PRIMARY KEY (`roleId`,`permissionId`)
) ENGINE=InnoDB DEFAULT CHARSET=utf8mb4'}}
19:47:00.344 [main] INFO io.qsf.bl.TestListener - Event{header=EventHeaderV4{timestamp=1541850420000, eventType=ANONYMOUS_GTID, serverId=5412, headerLength=19, dataLength=46, nextPosition=9054, flags=0}, data=null}
19:47:00.344 [main] INFO io.qsf.bl.TestListener - Event{header=EventHeaderV4{timestamp=1541850420000, eventType=QUERY, serverId=5412, headerLength=19, dataLength=52, nextPosition=9125, flags=8}, data=QueryEventData{threadId=6, executionTime=0, errorCode=0, database='qsf', sql='BEGIN'}}
19:47:00.345 [main] INFO io.qsf.bl.TestListener - Event{header=EventHeaderV4{timestamp=1541850420000, eventType=TABLE_MAP, serverId=5412, headerLength=19, dataLength=43, nextPosition=9187, flags=0}, data=TableMapEventData{tableId=113, database='qsf', table='sys_role_permission', columnTypes=3, 3, columnMetadata=0, 0, columnNullability={}}}
19:47:00.345 [main] INFO io.qsf.bl.TestListener - Event{header=EventHeaderV4{timestamp=1541850420000, eventType=EXT_WRITE_ROWS, serverId=5412, headerLength=19, dataLength=322, nextPosition=9528, flags=0}, data=WriteRowsEventData{tableId=113, includedColumns={0, 1}, rows=[
    [1, 1],
    [1, 2],
    [1, 3],
    [1, 4],
    [1, 5],
    [1, 6],
    [1, 7],
    [1, 8],
    [1, 9],
    [1, 10],
    [1, 11],
    [1, 12],
    [1, 13],
    [1, 14],
    [1, 15],
    [1, 16],
    [1, 17],
    [1, 18],
    [1, 19],
    [1, 20],
    [1, 21],
    [1, 22],
    [1, 23],
    [1, 24],
    [1, 25],
    [1, 26],
    [1, 27],
    [1, 29],
    [1, 30],
    [1, 31],
    [1, 32],
    [1, 33],
    [1, 34],
    [1, 35]
]}}
19:47:00.345 [main] INFO io.qsf.bl.TestListener - Event{header=EventHeaderV4{timestamp=1541850420000, eventType=XID, serverId=5412, headerLength=19, dataLength=12, nextPosition=9559, flags=0}, data=XidEventData{xid=108}}
19:47:00.459 [main] INFO io.qsf.bl.TestListener - Event{header=EventHeaderV4{timestamp=1541850420000, eventType=ANONYMOUS_GTID, serverId=5412, headerLength=19, dataLength=46, nextPosition=9624, flags=0}, data=null}
19:47:00.461 [main] INFO io.qsf.bl.TestListener - Event{header=EventHeaderV4{timestamp=1541850420000, eventType=QUERY, serverId=5412, headerLength=19, dataLength=115, nextPosition=9758, flags=0}, data=QueryEventData{threadId=6, executionTime=0, errorCode=0, database='qsf', sql='DROP TABLE IF EXISTS `sys_role_user` /* generated by server */'}}
19:47:00.500 [main] INFO io.qsf.bl.TestListener - Event{header=EventHeaderV4{timestamp=1541850420000, eventType=ANONYMOUS_GTID, serverId=5412, headerLength=19, dataLength=46, nextPosition=9823, flags=0}, data=null}
19:47:00.501 [main] INFO io.qsf.bl.TestListener - Event{header=EventHeaderV4{timestamp=1541850420000, eventType=QUERY, serverId=5412, headerLength=19, dataLength=260, nextPosition=10102, flags=0}, data=QueryEventData{threadId=6, executionTime=0, errorCode=0, database='qsf', sql='/* ApplicationName=IntelliJ IDEA 2018.1.4 */ CREATE TABLE `sys_role_user` (
  `userId` int(11) NOT NULL,
  `roleId` int(11) NOT NULL,
  PRIMARY KEY (`userId`,`roleId`)
) ENGINE=InnoDB DEFAULT CHARSET=utf8mb4'}}
19:47:00.525 [main] INFO io.qsf.bl.TestListener - Event{header=EventHeaderV4{timestamp=1541850420000, eventType=ANONYMOUS_GTID, serverId=5412, headerLength=19, dataLength=46, nextPosition=10167, flags=0}, data=null}
19:47:00.525 [main] INFO io.qsf.bl.TestListener - Event{header=EventHeaderV4{timestamp=1541850420000, eventType=QUERY, serverId=5412, headerLength=19, dataLength=52, nextPosition=10238, flags=8}, data=QueryEventData{threadId=6, executionTime=0, errorCode=0, database='qsf', sql='BEGIN'}}
19:47:00.525 [main] INFO io.qsf.bl.TestListener - Event{header=EventHeaderV4{timestamp=1541850420000, eventType=TABLE_MAP, serverId=5412, headerLength=19, dataLength=37, nextPosition=10294, flags=0}, data=TableMapEventData{tableId=114, database='qsf', table='sys_role_user', columnTypes=3, 3, columnMetadata=0, 0, columnNullability={}}}
19:47:00.526 [main] INFO io.qsf.bl.TestListener - Event{header=EventHeaderV4{timestamp=1541850420000, eventType=EXT_WRITE_ROWS, serverId=5412, headerLength=19, dataLength=115, nextPosition=10428, flags=0}, data=WriteRowsEventData{tableId=114, includedColumns={0, 1}, rows=[
    [1, 1],
    [2, 1],
    [4, 1],
    [7, 1],
    [8, 1],
    [9, 1],
    [10, 1],
    [11, 1],
    [13, 1],
    [14, 1],
    [15, 1]
]}}
19:47:00.526 [main] INFO io.qsf.bl.TestListener - Event{header=EventHeaderV4{timestamp=1541850420000, eventType=XID, serverId=5412, headerLength=19, dataLength=12, nextPosition=10459, flags=0}, data=XidEventData{xid=114}}
19:47:00.554 [main] INFO io.qsf.bl.TestListener - Event{header=EventHeaderV4{timestamp=1541850420000, eventType=ANONYMOUS_GTID, serverId=5412, headerLength=19, dataLength=46, nextPosition=10524, flags=0}, data=null}
19:47:00.555 [main] INFO io.qsf.bl.TestListener - Event{header=EventHeaderV4{timestamp=1541850420000, eventType=QUERY, serverId=5412, headerLength=19, dataLength=110, nextPosition=10653, flags=0}, data=QueryEventData{threadId=6, executionTime=0, errorCode=0, database='qsf', sql='DROP TABLE IF EXISTS `sys_user` /* generated by server */'}}
19:47:00.590 [main] INFO io.qsf.bl.TestListener - Event{header=EventHeaderV4{timestamp=1541850420000, eventType=ANONYMOUS_GTID, serverId=5412, headerLength=19, dataLength=46, nextPosition=10718, flags=0}, data=null}
19:47:00.590 [main] INFO io.qsf.bl.TestListener - Event{header=EventHeaderV4{timestamp=1541850420000, eventType=QUERY, serverId=5412, headerLength=19, dataLength=658, nextPosition=11395, flags=0}, data=QueryEventData{threadId=6, executionTime=0, errorCode=0, database='qsf', sql='/* ApplicationName=IntelliJ IDEA 2018.1.4 */ CREATE TABLE `sys_user` (
  `id` int(11) NOT NULL AUTO_INCREMENT,
  `username` varchar(50) NOT NULL,
  `password` varchar(60) NOT NULL,
  `nickname` varchar(255) DEFAULT NULL,
  `headImgUrl` varchar(1024) DEFAULT NULL,
  `phone` varchar(11) DEFAULT NULL,
  `sex` tinyint(1) DEFAULT NULL,
  `enabled` tinyint(1) NOT NULL DEFAULT '1',
  `type` varchar(16) NOT NULL,
  `createTime` datetime NOT NULL,
  `updateTime` datetime NOT NULL,
  PRIMARY KEY (`id`),
  UNIQUE KEY `username` (`username`) USING BTREE
) ENGINE=InnoDB AUTO_INCREMENT=16 DEFAULT CHARSET=utf8mb4'}}
19:47:00.618 [main] INFO io.qsf.bl.TestListener - Event{header=EventHeaderV4{timestamp=1541850420000, eventType=ANONYMOUS_GTID, serverId=5412, headerLength=19, dataLength=46, nextPosition=11460, flags=0}, data=null}
19:47:00.618 [main] INFO io.qsf.bl.TestListener - Event{header=EventHeaderV4{timestamp=1541850420000, eventType=QUERY, serverId=5412, headerLength=19, dataLength=52, nextPosition=11531, flags=8}, data=QueryEventData{threadId=6, executionTime=0, errorCode=0, database='qsf', sql='BEGIN'}}
19:47:00.618 [main] INFO io.qsf.bl.TestListener - Event{header=EventHeaderV4{timestamp=1541850420000, eventType=TABLE_MAP, serverId=5412, headerLength=19, dataLength=56, nextPosition=11606, flags=0}, data=TableMapEventData{tableId=115, database='qsf', table='sys_user', columnTypes=3, 15, 15, 15, 15, 15, 1, 1, 15, 18, 18, columnMetadata=0, 200, 240, 1020, 4096, 44, 0, 0, 64, 0, 0, columnNullability={3, 4, 5, 6}}}
19:47:00.620 [main] INFO io.qsf.bl.TestListener - Event{header=EventHeaderV4{timestamp=1541850420000, eventType=EXT_WRITE_ROWS, serverId=5412, headerLength=19, dataLength=1678, nextPosition=13303, flags=0}, data=WriteRowsEventData{tableId=115, includedColumns={0, 1, 2, 3, 4, 5, 6, 7, 8, 9, 10}, rows=[
    [1, admin, $2a$10$Wtw81uu43fGKw9lkOr1RAOTNWxQIZBsB3YDwc/5yDnr/yeG5x92EG, 管理员, http://payo7kq4i.bkt.clouddn.com/耳机.jpg, 13106975707, 1, 1, BACKEND, Sat Nov 18 00:56:59 CST 2017, Sat Sep 15 11:12:44 CST 2018],
    [2, owen, $2a$10$4WkpmB1jHncBCrzJ7hJRq.SsiEFiyE/FdgPF26hLs8vzPyoNpZjta, 欧文, http://payo7kq4i.bkt.clouddn.com/QQ%E5%9B%BE%E7%89%8720180819191900.jpg, 18579068166, 1, 0, APP, Sat Nov 18 00:56:59 CST 2017, Wed Sep 12 14:00:31 CST 2018],
    [3, user, $2a$10$fL/AfD4RDS0LxLJS7zpaZ.YUMfjNWKVvUn7oiA75L1K6PXazSTJPi, 体验用户, http://payo7kq4i.bkt.clouddn.com/QQ%E5%9B%BE%E7%89%8720180819191900.jpg, null, 1, 0, APP, Sat Nov 18 00:56:59 CST 2017, Fri Sep 07 21:38:34 CST 2018],
    [4, test, $2a$10$RD18sHNphJMmcuLuUX/Np.IV/7Ngbjd3Jtj3maFLpwaA6KaHVqPtq, 测试账户, http://payo7kq4i.bkt.clouddn.com/QQ%E5%9B%BE%E7%89%8720180819191900.jpg, 13851539156, 0, 0, APP, Sat Nov 18 00:56:59 CST 2017, Fri Sep 07 11:27:40 CST 2018],
    [7, useruser, $2a$10$IcsVUMlsZtOljOSrCKhx5.JA5vj/x8XiN6XJDwj4al5NKFU/KwdeO, useruser, null, 18571111111, 1, 0, APP, Mon Sep 03 17:57:12 CST 2018, Wed Sep 05 20:57:14 CST 2018],
    [8, abc, $2a$10$RII9blAhenwoFLjL1Y7kNOgq8xqUR/.o6SCDmfPbb6IAnZng/HsKa, abc, null, 13322332123, 0, 0, APP, Mon Sep 03 11:32:52 CST 2018, Tue Sep 11 21:55:24 CST 2018],
    [9, jay, $2a$10$og3NMep2E4sJF90IzoyVre53A37APaNvbXXTJDhcjQkDuTHIe.wvO, jay, null, 15151515151, 0, 0, APP, Thu Sep 06 10:30:51 CST 2018, Thu Sep 13 15:21:33 CST 2018],
    [10, testpre, $2a$10$m7vrMB.xq/k3Xq4EJ/p84eV33DOKtGDZ1pL8/jsegDH3FoUz1BUXa, testpre, null, 17791907897, 0, 1, APP, Fri Sep 07 10:48:44 CST 2018, Sun Sep 16 16:29:17 CST 2018],
    [11, 1, $2a$10$lQ5w8eRYFx4JYfS/zV6OM.IzIRf0rbyevUHFu.xQJtL7Bobc8AuY., 1, null, 13530151800, 1, 1, APP, Fri Sep 07 22:20:51 CST 2018, Fri Sep 14 14:49:59 CST 2018],
    [12, 12, $2a$10$cgRGZ0uuIAoKuwBoTWmz7eJzP4RUEr688VlnpZ4BTCz2RZEt0jrIe, 12, null, 17587132062, 0, 1, APP, Sat Sep 08 12:52:25 CST 2018, Sun Sep 16 09:48:00 CST 2018],
    [13, abc1, $2a$10$pzvn4TfBh2oFZJbtagovFe56ZTUlTaawPnx0Yz2PeqGex0xbddAGu, abc, null, 12345678901, 0, 1, APP, Tue Sep 11 16:02:25 CST 2018, Fri Sep 14 14:49:54 CST 2018],
    [14, ceshis, $2a$10$wh0d8dn67WXCH6oNeDW3Q.NnJHiVUjEvLBOVUqjA2F/pn7cIpfjLG, ceshis, null, 12345643456, 0, 1, APP, Wed Sep 12 21:50:57 CST 2018, Fri Sep 14 14:49:53 CST 2018],
    [15, w2121, $2a$10$C2TNbguxyfqlDUgB6/44XesmYeX5JMmWU5x4DsWrGU3bdgl6E3ei., 122, null, 15854556993, 0, 1, APP, Thu Sep 13 17:35:15 CST 2018, Mon Sep 17 08:38:25 CST 2018]
]}}
19:47:00.620 [main] INFO io.qsf.bl.TestListener - Event{header=EventHeaderV4{timestamp=1541850420000, eventType=XID, serverId=5412, headerLength=19, dataLength=12, nextPosition=13334, flags=0}, data=XidEventData{xid=120}}


20:15:52.038 [main] INFO io.qsf.bl.TestListener - Event{header=EventHeaderV4{timestamp=1541852152000, eventType=ANONYMOUS_GTID, serverId=5412, headerLength=19, dataLength=46, nextPosition=4616220, flags=0}, data=null}
20:15:52.038 [main] INFO io.qsf.bl.TestListener - Event{header=EventHeaderV4{timestamp=1541852150000, eventType=QUERY, serverId=5412, headerLength=19, dataLength=52, nextPosition=4616291, flags=8}, data=QueryEventData{threadId=18, executionTime=0, errorCode=0, database='qsf', sql='BEGIN'}}
20:15:52.038 [main] INFO io.qsf.bl.TestListener - Event{header=EventHeaderV4{timestamp=1541852150000, eventType=TABLE_MAP, serverId=5412, headerLength=19, dataLength=56, nextPosition=4616366, flags=0}, data=TableMapEventData{tableId=115, database='qsf', table='sys_user', columnTypes=3, 15, 15, 15, 15, 15, 1, 1, 15, 18, 18, columnMetadata=0, 200, 240, 1020, 4096, 44, 0, 0, 64, 0, 0, columnNullability={3, 4, 5, 6}}}
20:15:52.045 [main] INFO io.qsf.bl.TestListener - Event{header=EventHeaderV4{timestamp=1541852150000, eventType=EXT_UPDATE_ROWS, serverId=5412, headerLength=19, dataLength=231, nextPosition=4616616, flags=0}, data=UpdateRowsEventData{tableId=115, includedColumnsBeforeUpdate={0, 1, 2, 3, 4, 5, 6, 7, 8, 9, 10}, includedColumns={0, 1, 2, 3, 4, 5, 6, 7, 8, 9, 10}, rows=[
    {before=[15, w2121, $2a$10$C2TNbguxyfqlDUgB6/44XesmYeX5JMmWU5x4DsWrGU3bdgl6E3ei., 122, null, 15854556993, 0, 1, APP, Thu Sep 13 17:35:15 CST 2018, Mon Sep 17 08:38:25 CST 2018], after=[15, w2121, $2a$10$rNrIYBe1EfMrGFY9Y9ItMezxHrkKtXJNBzO/FXrBdT7zUvCyOMlUG, 122, null, 15854556993, 0, 1, APP, Thu Sep 13 17:35:15 CST 2018, Sat Nov 10 20:15:50 CST 2018]}
]}}
20:15:52.046 [main] INFO io.qsf.bl.TestListener - Event{header=EventHeaderV4{timestamp=1541852152000, eventType=XID, serverId=5412, headerLength=19, dataLength=12, nextPosition=4616647, flags=0}, data=XidEventData{xid=874}}
20:15:55.844 [main] INFO io.qsf.bl.TestListener - Event{header=EventHeaderV4{timestamp=1541852155000, eventType=ANONYMOUS_GTID, serverId=5412, headerLength=19, dataLength=46, nextPosition=4616712, flags=0}, data=null}
20:15:55.844 [main] INFO io.qsf.bl.TestListener - Event{header=EventHeaderV4{timestamp=1541852155000, eventType=QUERY, serverId=5412, headerLength=19, dataLength=52, nextPosition=4616783, flags=8}, data=QueryEventData{threadId=18, executionTime=0, errorCode=0, database='qsf', sql='BEGIN'}}
20:15:55.844 [main] INFO io.qsf.bl.TestListener - Event{header=EventHeaderV4{timestamp=1541852155000, eventType=TABLE_MAP, serverId=5412, headerLength=19, dataLength=56, nextPosition=4616858, flags=0}, data=TableMapEventData{tableId=115, database='qsf', table='sys_user', columnTypes=3, 15, 15, 15, 15, 15, 1, 1, 15, 18, 18, columnMetadata=0, 200, 240, 1020, 4096, 44, 0, 0, 64, 0, 0, columnNullability={3, 4, 5, 6}}}
20:15:55.844 [main] INFO io.qsf.bl.TestListener - Event{header=EventHeaderV4{timestamp=1541852155000, eventType=EXT_UPDATE_ROWS, serverId=5412, headerLength=19, dataLength=231, nextPosition=4617108, flags=0}, data=UpdateRowsEventData{tableId=115, includedColumnsBeforeUpdate={0, 1, 2, 3, 4, 5, 6, 7, 8, 9, 10}, includedColumns={0, 1, 2, 3, 4, 5, 6, 7, 8, 9, 10}, rows=[
    {before=[15, w2121, $2a$10$rNrIYBe1EfMrGFY9Y9ItMezxHrkKtXJNBzO/FXrBdT7zUvCyOMlUG, 122, null, 15854556993, 0, 1, APP, Thu Sep 13 17:35:15 CST 2018, Sat Nov 10 20:15:50 CST 2018], after=[15, w2121, $2a$10$/aK5tinJHb4bnw5KWfQ8bOwyCv3WjBIugYgeUwwSon6VLaOwyfm1y, 122, null, 15854556993, 0, 1, APP, Thu Sep 13 17:35:15 CST 2018, Sat Nov 10 20:15:56 CST 2018]}
]}}
20:15:55.844 [main] INFO io.qsf.bl.TestListener - Event{header=EventHeaderV4{timestamp=1541852155000, eventType=XID, serverId=5412, headerLength=19, dataLength=12, nextPosition=4617139, flags=0}, data=XidEventData{xid=881}}
20:15:56.278 [main] INFO io.qsf.bl.TestListener - Event{header=EventHeaderV4{timestamp=1541852156000, eventType=ANONYMOUS_GTID, serverId=5412, headerLength=19, dataLength=46, nextPosition=4617204, flags=0}, data=null}
20:15:56.278 [main] INFO io.qsf.bl.TestListener - Event{header=EventHeaderV4{timestamp=1541852156000, eventType=QUERY, serverId=5412, headerLength=19, dataLength=52, nextPosition=4617275, flags=8}, data=QueryEventData{threadId=18, executionTime=0, errorCode=0, database='qsf', sql='BEGIN'}}
20:15:56.278 [main] INFO io.qsf.bl.TestListener - Event{header=EventHeaderV4{timestamp=1541852156000, eventType=TABLE_MAP, serverId=5412, headerLength=19, dataLength=56, nextPosition=4617350, flags=0}, data=TableMapEventData{tableId=115, database='qsf', table='sys_user', columnTypes=3, 15, 15, 15, 15, 15, 1, 1, 15, 18, 18, columnMetadata=0, 200, 240, 1020, 4096, 44, 0, 0, 64, 0, 0, columnNullability={3, 4, 5, 6}}}
20:15:56.279 [main] INFO io.qsf.bl.TestListener - Event{header=EventHeaderV4{timestamp=1541852156000, eventType=EXT_UPDATE_ROWS, serverId=5412, headerLength=19, dataLength=231, nextPosition=4617600, flags=0}, data=UpdateRowsEventData{tableId=115, includedColumnsBeforeUpdate={0, 1, 2, 3, 4, 5, 6, 7, 8, 9, 10}, includedColumns={0, 1, 2, 3, 4, 5, 6, 7, 8, 9, 10}, rows=[
    {before=[15, w2121, $2a$10$/aK5tinJHb4bnw5KWfQ8bOwyCv3WjBIugYgeUwwSon6VLaOwyfm1y, 122, null, 15854556993, 0, 1, APP, Thu Sep 13 17:35:15 CST 2018, Sat Nov 10 20:15:56 CST 2018], after=[15, w2121, $2a$10$idG1eFsJB2Z4E4IMrGBAU.JV3woR1Go.nS9JeF9ub7bspJuQzc6Lu, 122, null, 15854556993, 0, 1, APP, Thu Sep 13 17:35:15 CST 2018, Sat Nov 10 20:15:56 CST 2018]}
]}}
20:15:56.279 [main] INFO io.qsf.bl.TestListener - Event{header=EventHeaderV4{timestamp=1541852156000, eventType=XID, serverId=5412, headerLength=19, dataLength=12, nextPosition=4617631, flags=0}, data=XidEventData{xid=888}}
